<?xml version="1.0" encoding="UTF-8"?>
<!-- Generated by org.testng.reporters.JUnitReportReporter -->
<testsuite hostname="PK-QAT-LP-229" failures="0" tests="2" name="testCases.EditDealerTest" time="18.005" errors="0" timestamp="2024-10-15T12:43:14 IST" skipped="0">
  <testcase classname="testCases.EditDealerTest" name="clickdealer" time="6.108"/>
  <testcase classname="testCases.EditDealerTest" name="clickEditbtn" time="11.897"/>
</testsuite> <!-- testCases.EditDealerTest -->
