<?xml version="1.0" encoding="UTF-8"?>
<!-- Generated by org.testng.reporters.JUnitReportReporter -->
<testsuite hostname="PK-QAT-LP-229" failures="0" tests="1" name="testCases.DeleteDealerTest" time="10.331" errors="0" timestamp="2024-10-16T18:13:14 IST" skipped="0">
  <testcase classname="testCases.DeleteDealerTest" name="tcDeleteDealer" time="10.331"/>
</testsuite> <!-- testCases.DeleteDealerTest -->
