<?xml version="1.0" encoding="UTF-8"?>
<!-- Generated by org.testng.reporters.JUnitReportReporter -->
<testsuite hostname="PK-QAT-LP-229" failures="0" tests="1" name="testCases.AddUserTest" time="35.941" errors="0" timestamp="2024-10-22T17:19:05 IST" skipped="0">
  <testcase classname="testCases.AddUserTest" name="TC_DealerMultiLot" time="35.941"/>
</testsuite> <!-- testCases.AddUserTest -->
