<?xml version="1.0" encoding="UTF-8"?>
<!-- Generated by org.testng.reporters.JUnitReportReporter -->
<testsuite hostname="PK-QAT-LP-229" failures="0" tests="1" name="testCases.LoginTest" time="5.107" errors="0" timestamp="2024-10-15T12:43:14 IST" skipped="0">
  <testcase classname="testCases.LoginTest" name="userLogin" time="5.107"/>
</testsuite> <!-- testCases.LoginTest -->
