<?xml version="1.0" encoding="UTF-8"?>
<!-- Generated by org.testng.reporters.JUnitReportReporter -->
<testsuite hostname="PK-QAT-LP-229" failures="0" tests="1" name="testCases.SetupMenuTest" time="4.407" errors="0" timestamp="2024-10-23T12:58:25 IST" skipped="0">
  <testcase classname="testCases.SetupMenuTest" name="TC_lotMenuSetUp" time="4.407"/>
</testsuite> <!-- testCases.SetupMenuTest -->
