<?xml version="1.0" encoding="UTF-8"?>
<!-- Generated by org.testng.reporters.JUnitReportReporter -->
<testsuite hostname="PK-QAT-LP-229" failures="0" tests="1" name="testCases.SetupMenuTest" time="5.116" errors="0" timestamp="2024-10-16T18:13:14 IST" skipped="0">
  <testcase classname="testCases.SetupMenuTest" name="tcClickDealer" time="5.116"/>
</testsuite> <!-- testCases.SetupMenuTest -->
