<?xml version="1.0" encoding="UTF-8"?>
<!-- Generated by org.testng.reporters.JUnitReportReporter -->
<testsuite hostname="PK-QAT-LP-229" failures="0" tests="1" name="testCases.EditDealerTest" time="11.596" errors="0" timestamp="2024-10-15T17:55:08 IST" skipped="0">
  <testcase classname="testCases.EditDealerTest" name="tcEditDealer" time="11.596"/>
</testsuite> <!-- testCases.EditDealerTest -->
