<?xml version="1.0" encoding="UTF-8"?>
<!-- Generated by org.testng.reporters.JUnitReportReporter -->
<testsuite hostname="PK-QAT-LP-229" failures="0" tests="1" name="testCases.DeleteLotTest" time="10.009" errors="0" timestamp="2024-10-18T17:49:19 IST" skipped="0">
  <testcase classname="testCases.DeleteLotTest" name="tcDeleteLot" time="10.009"/>
</testsuite> <!-- testCases.DeleteLotTest -->
