<?xml version="1.0" encoding="UTF-8"?>
<!-- Generated by org.testng.reporters.JUnitReportReporter -->
<testsuite hostname="PK-QAT-LP-229" failures="0" tests="6" name="ApptestCases.FillApplicantDetailsTest" time="36.011" errors="0" timestamp="2024-10-24T18:16:19 IST" skipped="0">
  <testcase classname="ApptestCases.FillApplicantDetailsTest" name="fillApplicantDetails" time="10.441"/>
  <testcase classname="ApptestCases.FillApplicantDetailsTest" name="fillPhysicalAddressDetails" time="2.323"/>
  <testcase classname="ApptestCases.FillApplicantDetailsTest" name="fillPreviousPhysicalAddressDetails" time="4.847"/>
  <testcase classname="ApptestCases.FillApplicantDetailsTest" name="fillEmploymentInformationDetails" time="3.917"/>
  <testcase classname="ApptestCases.FillApplicantDetailsTest" name="fillAddEmploymentInformationDetails" time="7.604"/>
  <testcase classname="ApptestCases.FillApplicantDetailsTest" name="fillAdditionalMonthlyIncomeDetails" time="6.879"/>
</testsuite> <!-- ApptestCases.FillApplicantDetailsTest -->
