<?xml version="1.0" encoding="UTF-8"?>
<!-- Generated by org.testng.reporters.JUnitReportReporter -->
<testsuite hostname="PK-QAT-LP-229" failures="0" tests="2" name="testCases.AddLotTest" time="39.179" errors="0" timestamp="2024-10-17T18:15:53 IST" skipped="0">
  <testcase classname="testCases.AddLotTest" name="tcCheckemptyDealer" time="20.601"/>
  <testcase classname="testCases.AddLotTest" name="tcAddDealer" time="18.578"/>
</testsuite> <!-- testCases.AddLotTest -->
