<?xml version="1.0" encoding="UTF-8"?>
<!-- Generated by org.testng.reporters.JUnitReportReporter -->
<testsuite hostname="PK-QAT-LP-229" failures="0" tests="2" name="testCases.AddDealerTest" time="30.358" errors="0" timestamp="2024-10-16T18:10:23 IST" skipped="0">
  <testcase classname="testCases.AddDealerTest" name="tcCheckemptyDealer" time="16.296"/>
  <testcase classname="testCases.AddDealerTest" name="tcAddDealer" time="14.062"/>
</testsuite> <!-- testCases.AddDealerTest -->
