<?xml version="1.0" encoding="UTF-8"?>
<!-- Generated by org.testng.reporters.JUnitReportReporter -->
<testsuite hostname="PK-QAT-LP-229" failures="0" tests="1" name="testCases.AddUserTest" time="32.497" errors="0" timestamp="2024-10-21T16:41:17 IST" skipped="0">
  <testcase classname="testCases.AddUserTest" name="TC_DealerMultiLot" time="32.497"/>
</testsuite> <!-- testCases.AddUserTest -->
