<?xml version="1.0" encoding="UTF-8"?>
<!-- Generated by org.testng.reporters.JUnitReportReporter -->
<testsuite hostname="PK-QAT-LP-229" failures="0" tests="2" name="testCases.AddLotTest" time="36.697" errors="0" timestamp="2024-10-18T15:06:16 IST" skipped="0">
  <testcase classname="testCases.AddLotTest" name="tcCheckemptyDealer" time="21.571"/>
  <testcase classname="testCases.AddLotTest" name="tcAddDealer" time="15.126"/>
</testsuite> <!-- testCases.AddLotTest -->
