<?xml version="1.0" encoding="UTF-8"?>
<!-- Generated by org.testng.reporters.JUnitReportReporter -->
<testsuite hostname="PK-QAT-LP-229" failures="0" tests="1" name="testCases.SetupMenuTest" time="3.977" errors="0" timestamp="2024-10-21T18:54:13 IST" skipped="0">
  <testcase classname="testCases.SetupMenuTest" name="TC_userMenuSetUp" time="3.977"/>
</testsuite> <!-- testCases.SetupMenuTest -->
