<?xml version="1.0" encoding="UTF-8"?>
<!-- Generated by org.testng.reporters.JUnitReportReporter -->
<testsuite hostname="PK-QAT-LP-229" failures="0" tests="1" name="testCases.EditUserTest" time="28.064" errors="0" timestamp="2024-10-21T17:45:17 IST" skipped="0">
  <testcase classname="testCases.EditUserTest" name="TC_EditUser" time="28.064"/>
</testsuite> <!-- testCases.EditUserTest -->
