<?xml version="1.0" encoding="UTF-8"?>
<!-- Generated by org.testng.reporters.JUnitReportReporter -->
<testsuite hostname="PK-QAT-LP-229" failures="0" tests="2" name="testCases.SetupMenuTest" time="7.693" errors="0" timestamp="2024-10-17T18:15:54 IST" skipped="0">
  <testcase classname="testCases.SetupMenuTest" name="tcClickLot" time="3.465"/>
  <testcase classname="testCases.SetupMenuTest" name="tcClickDealer" time="4.228"/>
</testsuite> <!-- testCases.SetupMenuTest -->
