<?xml version="1.0" encoding="UTF-8"?>
<!-- Generated by org.testng.reporters.JUnitReportReporter -->
<testsuite hostname="PK-QAT-LP-229" failures="0" tests="7" name="ApptestCases.AddCoApplicantTest" time="46.517" errors="0" timestamp="2024-10-24T17:03:00 IST" skipped="0">
  <testcase classname="ApptestCases.AddCoApplicantTest" name="fillCoApplicantDetails" time="14.195"/>
  <testcase classname="ApptestCases.AddCoApplicantTest" name="fillCoApplicantPhysicalAddressDetails" time="2.195"/>
  <testcase classname="ApptestCases.AddCoApplicantTest" name="fillCoApplicantPreviousPhysicalAddressDetails" time="4.787"/>
  <testcase classname="ApptestCases.AddCoApplicantTest" name="fillCoApplicantEmploymentInformation" time="4.336"/>
  <testcase classname="ApptestCases.AddCoApplicantTest" name="verifyDeleteAddCoEmployment" time="6.626"/>
  <testcase classname="ApptestCases.AddCoApplicantTest" name="fillAddCoEmploymentInformation" time="7.588"/>
  <testcase classname="ApptestCases.AddCoApplicantTest" name="fillCoApplicantAdditionalMonthlyIncome" time="6.790"/>
</testsuite> <!-- ApptestCases.AddCoApplicantTest -->
