<?xml version="1.0" encoding="UTF-8"?>
<!-- Generated by org.testng.reporters.JUnitReportReporter -->
<testsuite hostname="PK-QAT-LP-229" failures="0" tests="2" name="testCases.AddLotTest" time="35.359" errors="0" timestamp="2024-10-23T12:58:25 IST" skipped="0">
  <testcase classname="testCases.AddLotTest" name="tcCheckemptyDealer" time="22.003"/>
  <testcase classname="testCases.AddLotTest" name="tcAddDealer" time="13.356"/>
</testsuite> <!-- testCases.AddLotTest -->
