<?xml version="1.0" encoding="UTF-8"?>
<!-- Generated by org.testng.reporters.JUnitReportReporter -->
<testsuite hostname="PK-QAT-LP-229" failures="0" tests="6" name="ApptestCases.FillApplicantDetailsTest" time="36.050" errors="0" timestamp="2024-10-28T15:05:36 IST" skipped="0">
  <testcase classname="ApptestCases.FillApplicantDetailsTest" name="fillApplicantDetails" time="10.416"/>
  <testcase classname="ApptestCases.FillApplicantDetailsTest" name="fillPhysicalAddressDetails" time="2.392"/>
  <testcase classname="ApptestCases.FillApplicantDetailsTest" name="fillPreviousPhysicalAddressDetails" time="5.069"/>
  <testcase classname="ApptestCases.FillApplicantDetailsTest" name="fillEmploymentInformationDetails" time="3.809"/>
  <testcase classname="ApptestCases.FillApplicantDetailsTest" name="fillAddEmploymentInformationDetails" time="7.532"/>
  <testcase classname="ApptestCases.FillApplicantDetailsTest" name="fillAdditionalMonthlyIncomeDetails" time="6.832"/>
</testsuite> <!-- ApptestCases.FillApplicantDetailsTest -->
